#
# A fatal error has been detected by the Java Runtime Environment:
#
#  EXCEPTION_ACCESS_VIOLATION (0xc0000005) at pc=0x0000000062100d00, pid=6132, tid=0x0000000000003304
#
# JRE version: OpenJDK Runtime Environment (8.0_292-b10) (build 1.8.0_292-b10)
# Java VM: OpenJDK 64-Bit Server VM (25.292-b10 mixed mode windows-amd64 compressed oops)
# Problematic frame:
# V  [jvm.dll+0x90d00]
#
# Failed to write core dump. Minidumps are not enabled by default on client versions of Windows
#
# If you would like to submit a bug report, please visit:
#   https://github.com/corretto/corretto-8/issues/
#

---------------  T H R E A D  ---------------

Current thread (0x000001f49fdfc800):  GCTaskThread [stack: 0x0000005a49000000,0x0000005a49100000] [id=13060]

siginfo: ExceptionCode=0xc0000005, reading address 0x0000000040000010

Registers:
RAX=0x0000000000000001, RBX=0x00000006c24b3ec8, RCX=0x00000007843f59c8, RDX=0x0000000040000008
RSP=0x0000005a490ff2c8, RBP=0x0000005a490ff400, RSI=0x000001f4bacaa040, RDI=0x00000007843f59c8
R8 =0x000001f4bacaa040, R9 =0x00000007c00007a8, R10=0x00000007843f55c8, R11=0x0000005a490ff330
R12=0x0000000000000019, R13=0x0000000000000000, R14=0x000001f4bacaa0e0, R15=0x000001f4bacaa040
RIP=0x0000000062100d00, EFLAGS=0x0000000000010202

Top of Stack: (sp=0x0000005a490ff2c8)
0x0000005a490ff2c8:   000000006244a990 00000006c24b3ec5
0x0000005a490ff2d8:   000001f4bacaa068 000001f4bacaa040
0x0000005a490ff2e8:   00000006c24b3ec5 0000000000000003
0x0000005a490ff2f8:   0000000062162501 000001f4bacaa068
0x0000005a490ff308:   0000000000000000 000000078d020000
0x0000005a490ff318:   0000000000001000 00000006c24b31f8
0x0000005a490ff328:   0000000000000400 000001f4bacaa040
0x0000005a490ff338:   000001f4bacaa0e0 0000000000000000
0x0000005a490ff348:   000001f49fdf6000 00000006c16ec810
0x0000005a490ff358:   000000006244a830 00000006c24b3ec8
0x0000005a490ff368:   0000005a490ff400 000001f4bacaa040
0x0000005a490ff378:   000001f4bacaa0e0 00000006c24b3ec8
0x0000005a490ff388:   000000006244b91a 000000078422ca28
0x0000005a490ff398:   00000006c16ec810 0000005a490ff400
0x0000005a490ff3a8:   000001f4bacaa040 0000000000000002
0x0000005a490ff3b8:   000001f49fdfcf00 0000000000000000 

Instructions: (pc=0x0000000062100d00)
0x0000000062100ce0:   6e 00 e9 19 00 00 00 48 8b 51 08 48 8b c8 e9 0d
0x0000000062100cf0:   00 00 00 cc cc cc cc cc cc cc cc cc cc cc cc cc
0x0000000062100d00:   44 8b 42 08 4c 8b ca 45 85 c0 7e 0e 41 f6 c0 01
0x0000000062100d10:   75 57 41 c1 f8 03 41 8b c0 c3 79 4d 80 3d 43 21 


Register to memory mapping:

RAX=0x0000000000000001 is an unknown value
RBX=0x00000006c24b3ec8 is pointing into object: 0x00000006c24b3eb0
sun.security.x509.SubjectKeyIdentifierExtension 
 - klass: 'sun/security/x509/SubjectKeyIdentifierExtension'
RCX=0x00000007843f59c8 is an oop

[error occurred during error reporting (printing register info), id 0xc0000005]

Stack: [0x0000005a49000000,0x0000005a49100000],  sp=0x0000005a490ff2c8,  free space=1020k
Native frames: (J=compiled Java code, j=interpreted, Vv=VM code, C=native code)
V  [jvm.dll+0x90d00]


---------------  P R O C E S S  ---------------

Java Threads: ( => current thread )
  0x000001f4be94e000 JavaThread "AsyncResolver-bootstrap-executor-0" daemon [_thread_blocked, id=6988, stack(0x0000005a48c00000,0x0000005a48d00000)]
  0x000001f4be955000 JavaThread "DiscoveryClient-HeartbeatExecutor-0" daemon [_thread_blocked, id=8776, stack(0x0000005a4bf00000,0x0000005a4c000000)]
  0x000001f4be953800 JavaThread "DiscoveryClient-CacheRefreshExecutor-0" daemon [_thread_blocked, id=14544, stack(0x0000005a4be00000,0x0000005a4bf00000)]
  0x000001f4be950000 JavaThread "DestroyJavaVM" [_thread_blocked, id=16072, stack(0x0000005a48f00000,0x0000005a49000000)]
  0x000001f4be952800 JavaThread "http-nio-8080-Acceptor" daemon [_thread_in_native, id=14748, stack(0x0000005a4ba00000,0x0000005a4bb00000)]
  0x000001f4be954000 JavaThread "http-nio-8080-Poller" daemon [_thread_in_native, id=3896, stack(0x0000005a4b900000,0x0000005a4ba00000)]
  0x000001f4be952000 JavaThread "http-nio-8080-exec-10" daemon [_thread_blocked, id=14364, stack(0x0000005a4b800000,0x0000005a4b900000)]
  0x000001f4be94e800 JavaThread "http-nio-8080-exec-9" daemon [_thread_blocked, id=18280, stack(0x0000005a4b700000,0x0000005a4b800000)]
  0x000001f4be94f800 JavaThread "http-nio-8080-exec-8" daemon [_thread_blocked, id=18972, stack(0x0000005a4b600000,0x0000005a4b700000)]
  0x000001f4bea65000 JavaThread "http-nio-8080-exec-7" daemon [_thread_blocked, id=19852, stack(0x0000005a4b500000,0x0000005a4b600000)]
  0x000001f4bea64000 JavaThread "http-nio-8080-exec-6" daemon [_thread_blocked, id=13892, stack(0x0000005a4b400000,0x0000005a4b500000)]
  0x000001f4bea63800 JavaThread "http-nio-8080-exec-5" daemon [_thread_blocked, id=17780, stack(0x0000005a4b300000,0x0000005a4b400000)]
  0x000001f4bea66800 JavaThread "http-nio-8080-exec-4" daemon [_thread_blocked, id=2460, stack(0x0000005a4b200000,0x0000005a4b300000)]
  0x000001f4bea65800 JavaThread "http-nio-8080-exec-3" daemon [_thread_blocked, id=22052, stack(0x0000005a4b100000,0x0000005a4b200000)]
  0x000001f4bea62800 JavaThread "http-nio-8080-exec-2" daemon [_thread_blocked, id=912, stack(0x0000005a4b000000,0x0000005a4b100000)]
  0x000001f4bea68000 JavaThread "http-nio-8080-exec-1" daemon [_thread_blocked, id=11436, stack(0x0000005a4af00000,0x0000005a4b000000)]
  0x000001f4bea67000 JavaThread "DiscoveryClient-InstanceInfoReplicator-0" daemon [_thread_blocked, id=11708, stack(0x0000005a4ae00000,0x0000005a4af00000)]
  0x000001f4bea61800 JavaThread "DiscoveryClient-1" daemon [_thread_blocked, id=3492, stack(0x0000005a4ad00000,0x0000005a4ae00000)]
  0x000001f4bea69000 JavaThread "DiscoveryClient-0" daemon [_thread_blocked, id=1088, stack(0x0000005a4ac00000,0x0000005a4ad00000)]
  0x000001f4be93e800 JavaThread "AsyncResolver-bootstrap-0" daemon [_thread_blocked, id=7016, stack(0x0000005a4ab00000,0x0000005a4ac00000)]
  0x000001f4bcf92000 JavaThread "spring.cloud.inetutils" daemon [_thread_blocked, id=864, stack(0x0000005a4aa00000,0x0000005a4ab00000)]
  0x000001f4be77f800 JavaThread "container-0" [_thread_blocked, id=21044, stack(0x0000005a4a900000,0x0000005a4aa00000)]
  0x000001f4be77e000 JavaThread "Catalina-utility-2" [_thread_blocked, id=24040, stack(0x0000005a4a800000,0x0000005a4a900000)]
  0x000001f4be77d800 JavaThread "Catalina-utility-1" [_thread_blocked, id=14136, stack(0x0000005a4a700000,0x0000005a4a800000)]
  0x000001f4bd3e1000 JavaThread "RMI Scheduler(0)" daemon [_thread_blocked, id=18316, stack(0x0000005a4a600000,0x0000005a4a700000)]
  0x000001f4bd313000 JavaThread "RMI TCP Accept-0" daemon [_thread_in_native, id=2596, stack(0x0000005a4a300000,0x0000005a4a400000)]
  0x000001f4bd0be800 JavaThread "Service Thread" daemon [_thread_blocked, id=11772, stack(0x0000005a4a200000,0x0000005a4a300000)]
  0x000001f4bd039000 JavaThread "C1 CompilerThread3" daemon [_thread_blocked, id=22300, stack(0x0000005a4a100000,0x0000005a4a200000)]
  0x000001f4bd020800 JavaThread "C2 CompilerThread2" daemon [_thread_blocked, id=16864, stack(0x0000005a4a000000,0x0000005a4a100000)]
  0x000001f4bd01d800 JavaThread "C2 CompilerThread1" daemon [_thread_blocked, id=23516, stack(0x0000005a49f00000,0x0000005a4a000000)]
  0x000001f4bd01d000 JavaThread "C2 CompilerThread0" daemon [_thread_blocked, id=9448, stack(0x0000005a49e00000,0x0000005a49f00000)]
  0x000001f4bcfff000 JavaThread "Monitor Ctrl-Break" daemon [_thread_in_native, id=7276, stack(0x0000005a49d00000,0x0000005a49e00000)]
  0x000001f4bad6b000 JavaThread "Attach Listener" daemon [_thread_blocked, id=13000, stack(0x0000005a49c00000,0x0000005a49d00000)]
  0x000001f4bad16800 JavaThread "Signal Dispatcher" daemon [_thread_blocked, id=15688, stack(0x0000005a49b00000,0x0000005a49c00000)]
  0x000001f4bace4000 JavaThread "Finalizer" daemon [_thread_blocked, id=11808, stack(0x0000005a49a00000,0x0000005a49b00000)]
  0x000001f4bacdd000 JavaThread "Reference Handler" daemon [_thread_blocked, id=17624, stack(0x0000005a49900000,0x0000005a49a00000)]

Other Threads:
  0x000001f4bacad800 VMThread [stack: 0x0000005a49800000,0x0000005a49900000] [id=8524]
  0x000001f4bd319000 WatcherThread [stack: 0x0000005a4a400000,0x0000005a4a500000] [id=19376]

=>0x000001f49fdfc800 (exited) GCTaskThread [stack: 0x0000005a49000000,0x0000005a49100000] [id=13060]

VM state:at safepoint (normal execution)

VM Mutex/Monitor currently owned by a thread:  ([mutex/lock_event])
[0x000001f49fde2740] Threads_lock - owner thread: 0x000001f4bacad800
[0x000001f49fde3ad0] Heap_lock - owner thread: 0x000001f4be953800

heap address: 0x00000006c1000000, size: 4080 MB, Compressed Oops mode: Zero based, Oop shift amount: 3
Narrow klass base: 0x0000000000000000, Narrow klass shift: 3
Compressed class space size: 1073741824 Address: 0x00000007c0000000

Heap:
 PSYoungGen      total 427520K, used 425240K [0x000000076b000000, 0x000000078e180000, 0x00000007c0000000)
  eden space 410624K, 100% used [0x000000076b000000,0x0000000784100000,0x0000000784100000)
  from space 16896K, 86% used [0x0000000784100000,0x0000000784f46070,0x0000000785180000)
  to   space 17920K, 3% used [0x000000078d000000,0x000000078d098000,0x000000078e180000)
 ParOldGen       total 110080K, used 24628K [0x00000006c1000000, 0x00000006c7b80000, 0x000000076b000000)
  object space 110080K, 22% used [0x00000006c1000000,0x00000006c280d248,0x00000006c7b80000)
 Metaspace       used 43778K, capacity 46424K, committed 46672K, reserved 1089536K
  class space    used 5900K, capacity 6361K, committed 6480K, reserved 1048576K

Card table byte_map: [0x000001f4b0ea0000,0x000001f4b16a0000] byte_map_base: 0x000001f4ad898000

Marking Bits: (ParMarkBitMap*) 0x000000006285f7f0
 Begin Bits: [0x000001f4b1bf0000, 0x000001f4b5bb0000)
 End Bits:   [0x000001f4b5bb0000, 0x000001f4b9b70000)

Polling page: 0x000001f49fd60000

CodeCache: size=245760Kb used=13603Kb max_used=13603Kb free=232156Kb
 bounds [0x000001f4a1ae0000, 0x000001f4a2830000, 0x000001f4b0ae0000]
 total_blobs=7567 nmethods=7059 adapters=418
 compilation: enabled

Compilation events (10 events):
Event: 17268.899 Thread 0x000001f4bd039000 7174   !   1       org.apache.http.impl.cookie.DefaultCookieSpecProvider::create (373 bytes)
Event: 17268.900 Thread 0x000001f4bd039000 nmethod 7174 0x000001f4a28240d0 code [0x000001f4a28243c0, 0x000001f4a2825f80]
Event: 17268.900 Thread 0x000001f4bd039000 7175  s    1       org.apache.http.impl.client.BasicCookieStore::getCookies (12 bytes)
Event: 17268.900 Thread 0x000001f4bd039000 nmethod 7175 0x000001f4a2827dd0 code [0x000001f4a2827f40, 0x000001f4a2828230]
Event: 17268.900 Thread 0x000001f4bd039000 7176       1       org.apache.http.client.protocol.RequestAuthCache::process (263 bytes)
Event: 17268.902 Thread 0x000001f4bd039000 nmethod 7176 0x000001f4a2828310 code [0x000001f4a2828780, 0x000001f4a2829eb0]
Event: 17268.902 Thread 0x000001f4bd039000 7177       1       org.apache.http.client.protocol.HttpClientContext::getAuthCache (13 bytes)
Event: 17268.902 Thread 0x000001f4bd039000 nmethod 7177 0x000001f4a282b910 code [0x000001f4a282baa0, 0x000001f4a282bdc0]
Event: 17268.902 Thread 0x000001f4bd039000 7178       1       org.apache.http.impl.conn.PoolingHttpClientConnectionManager::requestConnection (81 bytes)
Event: 17268.902 Thread 0x000001f4bd039000 nmethod 7178 0x000001f4a282bf90 code [0x000001f4a282c1c0, 0x000001f4a282c970]

GC Heap History (10 events):
Event: 3.924 GC heap after
Heap after GC invocations=7 (full 1):
 PSYoungGen      total 256000K, used 12388K [0x000000076b000000, 0x000000077ba80000, 0x00000007c0000000)
  eden space 243200K, 0% used [0x000000076b000000,0x000000076b000000,0x0000000779d80000)
  from space 12800K, 96% used [0x000000077ae00000,0x000000077ba19330,0x000000077ba80000)
  to   space 14848K, 0% used [0x0000000779d80000,0x0000000779d80000,0x000000077ac00000)
 ParOldGen       total 79360K, used 9806K [0x00000006c1000000, 0x00000006c5d80000, 0x000000076b000000)
  object space 79360K, 12% used [0x00000006c1000000,0x00000006c1993b70,0x00000006c5d80000)
 Metaspace       used 33820K, capacity 35910K, committed 36048K, reserved 1081344K
  class space    used 4599K, capacity 5009K, committed 5072K, reserved 1048576K
}
Event: 3.924 GC heap before
{Heap before GC invocations=8 (full 2):
 PSYoungGen      total 256000K, used 12388K [0x000000076b000000, 0x000000077ba80000, 0x00000007c0000000)
  eden space 243200K, 0% used [0x000000076b000000,0x000000076b000000,0x0000000779d80000)
  from space 12800K, 96% used [0x000000077ae00000,0x000000077ba19330,0x000000077ba80000)
  to   space 14848K, 0% used [0x0000000779d80000,0x0000000779d80000,0x000000077ac00000)
 ParOldGen       total 79360K, used 9806K [0x00000006c1000000, 0x00000006c5d80000, 0x000000076b000000)
  object space 79360K, 12% used [0x00000006c1000000,0x00000006c1993b70,0x00000006c5d80000)
 Metaspace       used 33820K, capacity 35910K, committed 36048K, reserved 1081344K
  class space    used 4599K, capacity 5009K, committed 5072K, reserved 1048576K
Event: 3.960 GC heap after
Heap after GC invocations=8 (full 2):
 PSYoungGen      total 256000K, used 0K [0x000000076b000000, 0x000000077ba80000, 0x00000007c0000000)
  eden space 243200K, 0% used [0x000000076b000000,0x000000076b000000,0x0000000779d80000)
  from space 12800K, 0% used [0x000000077ae00000,0x000000077ae00000,0x000000077ba80000)
  to   space 14848K, 0% used [0x0000000779d80000,0x0000000779d80000,0x000000077ac00000)
 ParOldGen       total 110080K, used 18260K [0x00000006c1000000, 0x00000006c7b80000, 0x000000076b000000)
  object space 110080K, 16% used [0x00000006c1000000,0x00000006c21d51a8,0x00000006c7b80000)
 Metaspace       used 33820K, capacity 35910K, committed 36048K, reserved 1081344K
  class space    used 4599K, capacity 5009K, committed 5072K, reserved 1048576K
}
Event: 966.002 GC heap before
{Heap before GC invocations=9 (full 2):
 PSYoungGen      total 256000K, used 243200K [0x000000076b000000, 0x000000077ba80000, 0x00000007c0000000)
  eden space 243200K, 100% used [0x000000076b000000,0x0000000779d80000,0x0000000779d80000)
  from space 12800K, 0% used [0x000000077ae00000,0x000000077ae00000,0x000000077ba80000)
  to   space 14848K, 0% used [0x0000000779d80000,0x0000000779d80000,0x000000077ac00000)
 ParOldGen       total 110080K, used 18260K [0x00000006c1000000, 0x00000006c7b80000, 0x000000076b000000)
  object space 110080K, 16% used [0x00000006c1000000,0x00000006c21d51a8,0x00000006c7b80000)
 Metaspace       used 43290K, capacity 45912K, committed 46160K, reserved 1089536K
  class space    used 5899K, capacity 6361K, committed 6480K, reserved 1048576K
Event: 966.019 GC heap after
Heap after GC invocations=9 (full 2):
 PSYoungGen      total 258048K, used 14743K [0x000000076b000000, 0x0000000786680000, 0x00000007c0000000)
  eden space 243200K, 0% used [0x000000076b000000,0x000000076b000000,0x0000000779d80000)
  from space 14848K, 99% used [0x0000000779d80000,0x000000077abe5f88,0x000000077ac00000)
  to   space 16896K, 0% used [0x0000000785600000,0x0000000785600000,0x0000000786680000)
 ParOldGen       total 110080K, used 18268K [0x00000006c1000000, 0x00000006c7b80000, 0x000000076b000000)
  object space 110080K, 16% used [0x00000006c1000000,0x00000006c21d71a8,0x00000006c7b80000)
 Metaspace       used 43290K, capacity 45912K, committed 46160K, reserved 1089536K
  class space    used 5899K, capacity 6361K, committed 6480K, reserved 1048576K
}
Event: 4808.238 GC heap before
{Heap before GC invocations=10 (full 2):
 PSYoungGen      total 258048K, used 257943K [0x000000076b000000, 0x0000000786680000, 0x00000007c0000000)
  eden space 243200K, 100% used [0x000000076b000000,0x0000000779d80000,0x0000000779d80000)
  from space 14848K, 99% used [0x0000000779d80000,0x000000077abe5f88,0x000000077ac00000)
  to   space 16896K, 0% used [0x0000000785600000,0x0000000785600000,0x0000000786680000)
 ParOldGen       total 110080K, used 18268K [0x00000006c1000000, 0x00000006c7b80000, 0x000000076b000000)
  object space 110080K, 16% used [0x00000006c1000000,0x00000006c21d71a8,0x00000006c7b80000)
 Metaspace       used 43396K, capacity 46104K, committed 46416K, reserved 1089536K
  class space    used 5899K, capacity 6361K, committed 6480K, reserved 1048576K
Event: 4808.249 GC heap after
Heap after GC invocations=10 (full 2):
 PSYoungGen      total 412672K, used 12056K [0x000000076b000000, 0x0000000786200000, 0x00000007c0000000)
  eden space 400384K, 0% used [0x000000076b000000,0x000000076b000000,0x0000000783700000)
  from space 12288K, 98% used [0x0000000785600000,0x00000007861c6070,0x0000000786200000)
  to   space 16896K, 0% used [0x0000000784100000,0x0000000784100000,0x0000000785180000)
 ParOldGen       total 110080K, used 18276K [0x00000006c1000000, 0x00000006c7b80000, 0x000000076b000000)
  object space 110080K, 16% used [0x00000006c1000000,0x00000006c21d91a8,0x00000006c7b80000)
 Metaspace       used 43396K, capacity 46104K, committed 46416K, reserved 1089536K
  class space    used 5899K, capacity 6361K, committed 6480K, reserved 1048576K
}
Event: 11201.842 GC heap before
{Heap before GC invocations=11 (full 2):
 PSYoungGen      total 412672K, used 412440K [0x000000076b000000, 0x0000000786200000, 0x00000007c0000000)
  eden space 400384K, 100% used [0x000000076b000000,0x0000000783700000,0x0000000783700000)
  from space 12288K, 98% used [0x0000000785600000,0x00000007861c6070,0x0000000786200000)
  to   space 16896K, 0% used [0x0000000784100000,0x0000000784100000,0x0000000785180000)
 ParOldGen       total 110080K, used 18276K [0x00000006c1000000, 0x00000006c7b80000, 0x000000076b000000)
  object space 110080K, 16% used [0x00000006c1000000,0x00000006c21d91a8,0x00000006c7b80000)
 Metaspace       used 43628K, capacity 46296K, committed 46416K, reserved 1089536K
  class space    used 5900K, capacity 6361K, committed 6480K, reserved 1048576K
Event: 11201.857 GC heap after
Heap after GC invocations=11 (full 2):
 PSYoungGen      total 427520K, used 14616K [0x000000076b000000, 0x000000078e180000, 0x00000007c0000000)
  eden space 410624K, 0% used [0x000000076b000000,0x000000076b000000,0x0000000784100000)
  from space 16896K, 86% used [0x0000000784100000,0x0000000784f46070,0x0000000785180000)
  to   space 17920K, 0% used [0x000000078d000000,0x000000078d000000,0x000000078e180000)
 ParOldGen       total 110080K, used 18284K [0x00000006c1000000, 0x00000006c7b80000, 0x000000076b000000)
  object space 110080K, 16% used [0x00000006c1000000,0x00000006c21db1a8,0x00000006c7b80000)
 Metaspace       used 43628K, capacity 46296K, committed 46416K, reserved 1089536K
  class space    used 5900K, capacity 6361K, committed 6480K, reserved 1048576K
}
Event: 17775.467 GC heap before
{Heap before GC invocations=12 (full 2):
 PSYoungGen      total 427520K, used 425240K [0x000000076b000000, 0x000000078e180000, 0x00000007c0000000)
  eden space 410624K, 100% used [0x000000076b000000,0x0000000784100000,0x0000000784100000)
  from space 16896K, 86% used [0x0000000784100000,0x0000000784f46070,0x0000000785180000)
  to   space 17920K, 0% used [0x000000078d000000,0x000000078d000000,0x000000078e180000)
 ParOldGen       total 110080K, used 18284K [0x00000006c1000000, 0x00000006c7b80000, 0x000000076b000000)
  object space 110080K, 16% used [0x00000006c1000000,0x00000006c21db1a8,0x00000006c7b80000)
 Metaspace       used 43778K, capacity 46424K, committed 46672K, reserved 1089536K
  class space    used 5900K, capacity 6361K, committed 6480K, reserved 1048576K

Deoptimization events (0 events):
No events

Classes redefined (0 events):
No events

Internal exceptions (10 events):
Event: 17745.449 Thread 0x000001f4be953800 Exception <a 'java/lang/ArrayIndexOutOfBoundsException'> (0x0000000783e8c438) thrown at [C:\wsjdk\Corretto8Src\installers\windows\zip\corretto-build\buildRoot\src\hotspot\src\share\vm\runtime\sharedRuntime.cpp, line 609]
Event: 17745.450 Thread 0x000001f4be953800 Exception <a 'java/lang/ArrayIndexOutOfBoundsException'> (0x0000000783ebee58) thrown at [C:\wsjdk\Corretto8Src\installers\windows\zip\corretto-build\buildRoot\src\hotspot\src\share\vm\runtime\sharedRuntime.cpp, line 609]
Event: 17745.450 Thread 0x000001f4be953800 Exception <a 'java/lang/ArrayIndexOutOfBoundsException'> (0x0000000783ec3100) thrown at [C:\wsjdk\Corretto8Src\installers\windows\zip\corretto-build\buildRoot\src\hotspot\src\share\vm\runtime\sharedRuntime.cpp, line 609]
Event: 17745.450 Thread 0x000001f4be953800 Exception <a 'java/lang/ArrayIndexOutOfBoundsException'> (0x0000000783eca388) thrown at [C:\wsjdk\Corretto8Src\installers\windows\zip\corretto-build\buildRoot\src\hotspot\src\share\vm\runtime\sharedRuntime.cpp, line 609]
Event: 17745.451 Thread 0x000001f4be953800 Exception <a 'java/lang/ArrayIndexOutOfBoundsException'> (0x0000000783ef9480) thrown at [C:\wsjdk\Corretto8Src\installers\windows\zip\corretto-build\buildRoot\src\hotspot\src\share\vm\runtime\sharedRuntime.cpp, line 609]
Event: 17745.453 Thread 0x000001f4be953800 Exception <a 'java/lang/NoSuchMethodError': com.fasterxml.jackson.core.JsonParser.getReadCapabilities()Lcom/fasterxml/jackson/core/util/JacksonFeatureSet;> (0x0000000783f301e0) thrown at [C:\wsjdk\Corretto8Src\installers\windows\zip\corretto-build\buildRo
Event: 17749.293 Thread 0x000001f4be955000 Exception <a 'java/net/SocketTimeoutException': Read timed out> (0x000000078407b120) thrown at [C:\wsjdk\Corretto8Src\installers\windows\zip\corretto-build\buildRoot\src\hotspot\src\share\vm\prims\jni.cpp, line 738]
Event: 17775.465 Thread 0x000001f4be953800 Exception <a 'java/lang/ArrayIndexOutOfBoundsException'> (0x000000078400fb38) thrown at [C:\wsjdk\Corretto8Src\installers\windows\zip\corretto-build\buildRoot\src\hotspot\src\share\vm\runtime\sharedRuntime.cpp, line 609]
Event: 17775.466 Thread 0x000001f4be953800 Exception <a 'java/lang/ArrayIndexOutOfBoundsException'> (0x0000000784017710) thrown at [C:\wsjdk\Corretto8Src\installers\windows\zip\corretto-build\buildRoot\src\hotspot\src\share\vm\runtime\sharedRuntime.cpp, line 609]
Event: 17775.466 Thread 0x000001f4be953800 Exception <a 'java/lang/ArrayIndexOutOfBoundsException'> (0x0000000784046418) thrown at [C:\wsjdk\Corretto8Src\installers\windows\zip\corretto-build\buildRoot\src\hotspot\src\share\vm\runtime\sharedRuntime.cpp, line 609]

Events (10 events):
Event: 17775.464 loading class com/fasterxml/jackson/datatype/joda$JodaModule done
Event: 17775.464 loading class com/fasterxml/jackson/datatype/joda/JodaModule
Event: 17775.464 loading class com/fasterxml/jackson/datatype/joda/JodaModule done
Event: 17775.465 loading class com/fasterxml/jackson/datatype/joda$JodaModule
Event: 17775.465 loading class com/fasterxml/jackson/datatype/joda$JodaModule done
Event: 17775.465 loading class com/fasterxml/jackson/datatype/joda/JodaModule
Event: 17775.465 loading class com/fasterxml/jackson/datatype/joda/JodaModule done
Event: 17775.465 loading class com/fasterxml/jackson/datatype/joda$JodaModule
Event: 17775.465 loading class com/fasterxml/jackson/datatype/joda$JodaModule done
Event: 17775.467 Executing VM operation: ParallelGCFailedAllocation


Dynamic libraries:
0x00007ff6f0bd0000 - 0x00007ff6f0c0a000 	C:\Users\16382\.jdks\corretto-1.8.0_292\bin\java.exe
0x00007ffb09350000 - 0x00007ffb09545000 	C:\Windows\SYSTEM32\ntdll.dll
0x00007ffb075a0000 - 0x00007ffb0765d000 	C:\Windows\System32\KERNEL32.DLL
0x00007ffb06e80000 - 0x00007ffb07149000 	C:\Windows\System32\KERNELBASE.dll
0x00007ffb08ae0000 - 0x00007ffb08b8c000 	C:\Windows\System32\ADVAPI32.dll
0x00007ffb08620000 - 0x00007ffb086be000 	C:\Windows\System32\msvcrt.dll
0x00007ffb08dd0000 - 0x00007ffb08e6b000 	C:\Windows\System32\sechost.dll
0x00007ffb07fb0000 - 0x00007ffb080da000 	C:\Windows\System32\RPCRT4.dll
0x00007ffb08e90000 - 0x00007ffb09030000 	C:\Windows\System32\USER32.dll
0x00007ffb07150000 - 0x00007ffb07172000 	C:\Windows\System32\win32u.dll
0x00007ffb092e0000 - 0x00007ffb0930a000 	C:\Windows\System32\GDI32.dll
0x00007ffb06b90000 - 0x00007ffb06c9b000 	C:\Windows\System32\gdi32full.dll
0x00007ffb06af0000 - 0x00007ffb06b8d000 	C:\Windows\System32\msvcp_win.dll
0x00007ffb06ca0000 - 0x00007ffb06da0000 	C:\Windows\System32\ucrtbase.dll
0x00007ffaf6430000 - 0x00007ffaf66ca000 	C:\Windows\WinSxS\amd64_microsoft.windows.common-controls_6595b64144ccf1df_6.0.19041.1110_none_60b5254171f9507e\COMCTL32.dll
0x00007ffb08aa0000 - 0x00007ffb08ad0000 	C:\Windows\System32\IMM32.DLL
0x00007ffaa23c0000 - 0x00007ffaa24af000 	C:\Users\16382\.jdks\corretto-1.8.0_292\jre\bin\msvcr120.dll
0x00007ffaa2310000 - 0x00007ffaa23b6000 	C:\Users\16382\.jdks\corretto-1.8.0_292\jre\bin\msvcp120.dll
0x0000000062070000 - 0x00000000628de000 	C:\Users\16382\.jdks\corretto-1.8.0_292\jre\bin\server\jvm.dll
0x00007ffb07590000 - 0x00007ffb07598000 	C:\Windows\System32\PSAPI.DLL
0x00007ffb011a0000 - 0x00007ffb011aa000 	C:\Windows\SYSTEM32\VERSION.dll
0x00007ffaf97a0000 - 0x00007ffaf97c7000 	C:\Windows\SYSTEM32\WINMM.dll
0x00007ffaf74a0000 - 0x00007ffaf74a9000 	C:\Windows\SYSTEM32\WSOCK32.dll
0x00007ffb086c0000 - 0x00007ffb0872b000 	C:\Windows\System32\WS2_32.dll
0x00007ffb02030000 - 0x00007ffb0203f000 	C:\Users\16382\.jdks\corretto-1.8.0_292\jre\bin\verify.dll
0x00007ffac01c0000 - 0x00007ffac01e9000 	C:\Users\16382\.jdks\corretto-1.8.0_292\jre\bin\java.dll
0x00007ffabcc40000 - 0x00007ffabcc6a000 	C:\Users\16382\.jdks\corretto-1.8.0_292\jre\bin\instrument.dll
0x00007ffacccc0000 - 0x00007ffacccd6000 	C:\Users\16382\.jdks\corretto-1.8.0_292\jre\bin\zip.dll
0x00007ffb07660000 - 0x00007ffb07d9f000 	C:\Windows\System32\SHELL32.dll
0x00007ffb04a60000 - 0x00007ffb051f1000 	C:\Windows\SYSTEM32\windows.storage.dll
0x00007ffb08730000 - 0x00007ffb08a85000 	C:\Windows\System32\combase.dll
0x00007ffb06500000 - 0x00007ffb0652c000 	C:\Windows\SYSTEM32\Wldp.dll
0x00007ffb08b90000 - 0x00007ffb08c3e000 	C:\Windows\System32\SHCORE.dll
0x00007ffb09280000 - 0x00007ffb092d5000 	C:\Windows\System32\shlwapi.dll
0x00007ffb069d0000 - 0x00007ffb069ef000 	C:\Windows\SYSTEM32\profapi.dll
0x00007ffac09b0000 - 0x00007ffac09ca000 	C:\Program Files\JetBrains\IntelliJ IDEA 2021.1.1\bin\breakgen64.dll
0x00007ffacca40000 - 0x00007ffacca5a000 	C:\Users\16382\.jdks\corretto-1.8.0_292\jre\bin\net.dll
0x00007ffb06260000 - 0x00007ffb062ca000 	C:\Windows\system32\mswsock.dll
0x00007ffb05f50000 - 0x00007ffb0601c000 	C:\Windows\SYSTEM32\DNSAPI.dll
0x00007ffb05f00000 - 0x00007ffb05f3b000 	C:\Windows\SYSTEM32\IPHLPAPI.DLL
0x00007ffb08a90000 - 0x00007ffb08a98000 	C:\Windows\System32\NSI.dll
0x00007ffaf5430000 - 0x00007ffaf543a000 	C:\Windows\System32\rasadhlp.dll
0x00007ffaf9d00000 - 0x00007ffaf9d7f000 	C:\Windows\System32\fwpuclnt.dll
0x00007ffb072e0000 - 0x00007ffb07307000 	C:\Windows\System32\bcrypt.dll
0x00007ffaf5420000 - 0x00007ffaf542d000 	C:\Users\16382\.jdks\corretto-1.8.0_292\jre\bin\management.dll
0x00007ffac0b50000 - 0x00007ffac0b62000 	C:\Users\16382\.jdks\corretto-1.8.0_292\jre\bin\nio.dll
0x00007ffb06440000 - 0x00007ffb06458000 	C:\Windows\SYSTEM32\CRYPTSP.dll
0x00007ffb05b90000 - 0x00007ffb05bc4000 	C:\Windows\system32\rsaenh.dll
0x00007ffb06990000 - 0x00007ffb069be000 	C:\Windows\SYSTEM32\USERENV.dll
0x00007ffb06da0000 - 0x00007ffb06e23000 	C:\Windows\System32\bcryptprimitives.dll
0x00007ffb06460000 - 0x00007ffb0646c000 	C:\Windows\SYSTEM32\CRYPTBASE.dll
0x00007ffafe6f0000 - 0x00007ffafe707000 	C:\Windows\SYSTEM32\dhcpcsvc6.DLL
0x00007ffafecd0000 - 0x00007ffafeced000 	C:\Windows\SYSTEM32\dhcpcsvc.DLL
0x00007ffaf8ee0000 - 0x00007ffaf8ef7000 	C:\Windows\system32\napinsp.dll
0x00007ffaef340000 - 0x00007ffaef35b000 	C:\Windows\system32\pnrpnsp.dll
0x00007ffaee280000 - 0x00007ffaee295000 	C:\Windows\system32\wshbth.dll
0x00007ffb01e90000 - 0x00007ffb01ead000 	C:\Windows\system32\NLAapi.dll
0x00007ffaee160000 - 0x00007ffaee172000 	C:\Windows\System32\winrnr.dll
0x00007ffabccc0000 - 0x00007ffabcce3000 	C:\Users\16382\.jdks\corretto-1.8.0_292\jre\bin\sunec.dll
0x00007ffb04870000 - 0x00007ffb04a54000 	C:\Windows\SYSTEM32\dbghelp.dll

VM Arguments:
jvm_args: -XX:TieredStopAtLevel=1 -Xverify:none -Dspring.output.ansi.enabled=always -javaagent:C:\Program Files\JetBrains\IntelliJ IDEA 2021.1.1\lib\idea_rt.jar=59193:C:\Program Files\JetBrains\IntelliJ IDEA 2021.1.1\bin -Dcom.sun.management.jmxremote -Dspring.jmx.enabled=true -Dspring.liveBeansView.mbeanDomain -Dspring.application.admin.enabled=true -Dfile.encoding=UTF-8 
java_command: com.hitices.mclient.ApplicationMain
java_class_path (initial): C:\Users\16382\.jdks\corretto-1.8.0_292\jre\lib\charsets.jar;C:\Users\16382\.jdks\corretto-1.8.0_292\jre\lib\ext\access-bridge-64.jar;C:\Users\16382\.jdks\corretto-1.8.0_292\jre\lib\ext\cldrdata.jar;C:\Users\16382\.jdks\corretto-1.8.0_292\jre\lib\ext\dnsns.jar;C:\Users\16382\.jdks\corretto-1.8.0_292\jre\lib\ext\jaccess.jar;C:\Users\16382\.jdks\corretto-1.8.0_292\jre\lib\ext\jfxrt.jar;C:\Users\16382\.jdks\corretto-1.8.0_292\jre\lib\ext\localedata.jar;C:\Users\16382\.jdks\corretto-1.8.0_292\jre\lib\ext\nashorn.jar;C:\Users\16382\.jdks\corretto-1.8.0_292\jre\lib\ext\sunec.jar;C:\Users\16382\.jdks\corretto-1.8.0_292\jre\lib\ext\sunjce_provider.jar;C:\Users\16382\.jdks\corretto-1.8.0_292\jre\lib\ext\sunmscapi.jar;C:\Users\16382\.jdks\corretto-1.8.0_292\jre\lib\ext\sunpkcs11.jar;C:\Users\16382\.jdks\corretto-1.8.0_292\jre\lib\ext\zipfs.jar;C:\Users\16382\.jdks\corretto-1.8.0_292\jre\lib\jce.jar;C:\Users\16382\.jdks\corretto-1.8.0_292\jre\lib\jfr.jar;C:\Users\16382\.jdks\corretto-1.8.0_292\jre\lib\jfxswt.jar;C:\Users\16382\.jdks\corretto-1.8.0_292\jre\lib\jsse.jar;C:\Users\16382\.jdks\corretto-1.8.0_292\jre\lib\management-agent.jar;C:\Users\16382\.jdks\corretto-1.8.0_292\jre\lib\resources.jar;C:\Users\16382\.jdks\corretto-1.8.0_292\jre\lib\rt.jar;D:\IdeaProjects\MServiceFramework\target\classes;C:\Users\16382\.m2\repository\com\google\auto\service\auto-service\1.0-rc4\auto-service-1.0-rc4.jar;C:\Users\16382\.m2\repository\com\google\auto\auto-common\0.8\auto-common-0.8.jar;C:\Users\16382\.m2\repository\com\google\guava\guava\23.5-jre\guava-23.5-jre.jar;C:\Users\16382\.m2\repository\com\google\code\findbugs\jsr305\1.3.9\jsr305-1.3.9.jar;C:\Users\16382\.m2\repository\org\checkerframework\checker-qual\2.0.0\checker-qual-2.0.0.jar;C:\Users\16382\.m2\repository\com\google\errorprone\error_prone_annotations\2.0.18\error_prone_annotations-2.0.18.jar;C:\Users\16382\.m2\repository\com\google\j2objc\j2objc-annotations\1.1\j2objc-annotations-1.1.jar;C:\Us
Launcher Type: SUN_STANDARD

Environment Variables:
JAVA_HOME=C:\Users\16382\.jdks\corretto-1.8.0_292
PATH=C:\Windows\system32;C:\Windows;C:\Windows\System32\Wbem;C:\Windows\System32\WindowsPowerShell\v1.0\;C:\Windows\System32\OpenSSH\;C:\Program Files\Git\cmd;C:\Program Files (x86)\NVIDIA Corporation\PhysX\Common;C:\Program Files\NVIDIA Corporation\NVIDIA NvDLISR;C:\Users\16382\AppData\Local\Programs\Python\Python38;C:\Users\16382\AppData\Local\Programs\Python\Python38\Scripts;C:\Program Files\nodejs\;C:\Users\16382\.jdks\corretto-1.8.0_292\bin;C:\Users\16382\.jdks\corretto-1.8.0_292\jre\bin;C:\Users\16382\sdk\go1.16.4\bin;C:\Users\16382\AppData\Local\Microsoft\WindowsApps;C:\Program Files\Bandizip\;C:\Program Files\JetBrains\GoLand 2021.1.1\bin;;C:\Program Files\JetBrains\PyCharm 2021.1.1\bin;;C:\Users\16382\AppData\Roaming\npm
USERNAME=16382
OS=Windows_NT
PROCESSOR_IDENTIFIER=Intel64 Family 6 Model 94 Stepping 3, GenuineIntel



---------------  S Y S T E M  ---------------

OS: Windows 10.0 , 64 bit Build 19041 (10.0.19041.1023)

CPU:total 8 (initial active 8) (4 cores per cpu, 2 threads per core) family 6 model 94 stepping 3, cmov, cx8, fxsr, mmx, sse, sse2, sse3, ssse3, sse4.1, sse4.2, popcnt, avx, avx2, aes, clmul, erms, rtm, 3dnowpref, lzcnt, ht, tsc, tscinvbit, bmi1, bmi2, adx

Memory: 4k page, physical 16711680k(6056904k free), swap 26701104k(4505596k free)

vm_info: OpenJDK 64-Bit Server VM (25.292-b10) for windows-amd64 JRE (1.8.0_292-b10), built on Apr 14 2021 23:06:53 by "Administrator" with MS VC++ 12.0 (VS2013)

time: Tue Aug 10 20:01:21 2021
timezone: ?D1¨²¡À¨º¡Á?¨º¡À??
elapsed time: 17775.494253 seconds (0d 4h 56m 15s)

